#
# A fatal error has been detected by the Java Runtime Environment:
#
#  EXCEPTION_ACCESS_VIOLATION (0xc0000005) at pc=0x0000000066be2467, pid=7824, tid=1440
#
# JRE version: Java(TM) SE Runtime Environment (8.0_65-b17) (build 1.8.0_65-b17)
# Java VM: Java HotSpot(TM) 64-Bit Server VM (25.65-b01 mixed mode windows-amd64 compressed oops)
# Problematic frame:
# C  [gdx-box2d64.dll+0x22467]
#
# Failed to write core dump. Minidumps are not enabled by default on client versions of Windows
#
# If you would like to submit a bug report, please visit:
#   http://bugreport.java.com/bugreport/crash.jsp
# The crash happened outside the Java Virtual Machine in native code.
# See problematic frame for where to report the bug.
#

---------------  T H R E A D  ---------------

Current thread (0x0000000018bcb800):  JavaThread "LWJGL Application" [_thread_in_native, id=1440, stack(0x0000000019e90000,0x0000000019f90000)]

siginfo: ExceptionCode=0xc0000005, reading address 0x0000000019e074e8

Registers:
RAX=0x0000000000000001, RBX=0x0000000000000001, RCX=0x0000000019dee250, RDX=0x0000000019f8e8f0
RSP=0x0000000019f8e890, RBP=0x0000000019f8ea30, RSI=0x0000000016920468, RDI=0x0000000000051df0
R8 =0x0000000019dee250, R9 =0x0000000000000001, R10=0x0000000000000000, R11=0x0000000000000001
R12=0x0000000000000000, R13=0x00000000170172c8, R14=0x0000000019f8ead8, R15=0x0000000018bcb800
RIP=0x0000000066be2467, EFLAGS=0x0000000000010206

Top of Stack: (sp=0x0000000019f8e890)
0x0000000019f8e890:   0000000019f8e930 0000000019f8e930
0x0000000019f8e8a0:   0000000000000003 00000000170172c8
0x0000000019f8e8b0:   0000000000000001 0000000016920468
0x0000000019f8e8c0:   0000000000051df0 0000000066be8626
0x0000000019f8e8d0:   0000000000000000 0000000000051df0
0x0000000019f8e8e0:   0000000019f8ea30 0000000002785798
0x0000000019f8e8f0:   41e1249200000001 00000000c16bae14
0x0000000019f8e900:   0000000000000000 0000000000000000
0x0000000019f8e910:   0000010100000000 0000000019f8ea01
0x0000000019f8e920:   0000000000000000 000000003f800000
0x0000000019f8e930:   00000000170172c8 0000000002795e34
0x0000000019f8e940:   0000000017019c58 0000000000000000
0x0000000019f8e950:   0000000000a40000 0000000066bf9a52
0x0000000019f8e960:   0000000041e12492 ffffffffc16bae14
0x0000000019f8e970:   0000000000000000 0000000000000000
0x0000000019f8e980:   0000000000000000 0000000000000000 

Instructions: (pc=0x0000000066be2467)
0x0000000066be2447:   c3 0f 1f 84 00 00 00 00 00 48 89 91 50 93 01 00
0x0000000066be2457:   c3 0f 1f 84 00 00 00 00 00 57 56 53 48 83 ec 20
0x0000000066be2467:   f6 81 98 92 01 00 02 48 89 cb 48 89 d7 75 5a ba
0x0000000066be2477:   b8 00 00 00 48 89 d9 e8 3d 98 fe ff 48 85 c0 48 


Register to memory mapping:

RAX=0x0000000000000001 is an unknown value
RBX=0x0000000000000001 is an unknown value
RCX=0x0000000019dee250 is an unknown value
RDX=0x0000000019f8e8f0 is pointing into the stack for thread: 0x0000000018bcb800
RSP=0x0000000019f8e890 is pointing into the stack for thread: 0x0000000018bcb800
RBP=0x0000000019f8ea30 is pointing into the stack for thread: 0x0000000018bcb800
RSI={method} {0x0000000016920470} '<init>' '()V' in 'java/lang/Object'
RDI=0x0000000000051df0 is an unknown value
R8 =0x0000000019dee250 is an unknown value
R9 =0x0000000000000001 is an unknown value
R10=0x0000000000000000 is an unknown value
R11=0x0000000000000001 is an unknown value
R12=0x0000000000000000 is an unknown value
R13={method} {0x00000000170172d0} 'jniCreateBody' '(JIFFFFFFFFZZZZZF)J' in 'com/badlogic/gdx/physics/box2d/World'
R14=0x0000000019f8ead8 is pointing into the stack for thread: 0x0000000018bcb800
R15=0x0000000018bcb800 is a thread


Stack: [0x0000000019e90000,0x0000000019f90000],  sp=0x0000000019f8e890,  free space=1018k
Native frames: (J=compiled Java code, j=interpreted, Vv=VM code, C=native code)
C  [gdx-box2d64.dll+0x22467]
C  [gdx-box2d64.dll+0x28626]
C  0x0000000002795e34

Java frames: (J=compiled Java code, j=interpreted, Vv=VM code)
j  com.badlogic.gdx.physics.box2d.World.jniCreateBody(JIFFFFFFFFZZZZZF)J+0
j  com.badlogic.gdx.physics.box2d.World.createBody(Lcom/badlogic/gdx/physics/box2d/BodyDef;)Lcom/badlogic/gdx/physics/box2d/Body;+80
j  com.art.zok.flappybird.game.object.Pipe.createBody(Lcom/badlogic/gdx/physics/box2d/World;)V+52
j  com.art.zok.flappybird.game.WorldController.addPipe()V+86
j  com.art.zok.flappybird.game.WorldController.initPipe()V+12
j  com.art.zok.flappybird.game.WorldController.init()V+67
j  com.art.zok.flappybird.game.WorldController.reStart()V+1
j  com.art.zok.flappybird.game.UI.GameDialog$2.touchUp(Lcom/badlogic/gdx/scenes/scene2d/InputEvent;FFII)V+7
j  com.badlogic.gdx.scenes.scene2d.InputListener.handle(Lcom/badlogic/gdx/scenes/scene2d/Event;)Z+196
j  com.badlogic.gdx.scenes.scene2d.Stage.touchUp(IIII)Z+213
j  com.badlogic.gdx.InputMultiplexer.touchUp(IIII)Z+36
j  com.badlogic.gdx.backends.lwjgl.LwjglInput.processEvents()V+283
j  com.badlogic.gdx.backends.lwjgl.LwjglApplication.mainLoop()V+534
j  com.badlogic.gdx.backends.lwjgl.LwjglApplication$1.run()V+27
v  ~StubRoutines::call_stub

---------------  P R O C E S S  ---------------

Java Threads: ( => current thread )
  0x0000000019708000 JavaThread "LWJGL Timer" daemon [_thread_blocked, id=8496, stack(0x000000005f430000,0x000000005f530000)]
  0x0000000019705800 JavaThread "AsynchExecutor-Thread" daemon [_thread_blocked, id=704, stack(0x000000005f330000,0x000000005f430000)]
  0x000000000207d800 JavaThread "DestroyJavaVM" [_thread_blocked, id=4444, stack(0x0000000002580000,0x0000000002680000)]
=>0x0000000018bcb800 JavaThread "LWJGL Application" [_thread_in_native, id=1440, stack(0x0000000019e90000,0x0000000019f90000)]
  0x00000000189a5800 JavaThread "Service Thread" daemon [_thread_blocked, id=10196, stack(0x0000000018f20000,0x0000000019020000)]
  0x0000000018929000 JavaThread "C1 CompilerThread2" daemon [_thread_blocked, id=6704, stack(0x0000000018e20000,0x0000000018f20000)]
  0x0000000018920800 JavaThread "C2 CompilerThread1" daemon [_thread_blocked, id=8636, stack(0x0000000018d20000,0x0000000018e20000)]
  0x000000001731d000 JavaThread "C2 CompilerThread0" daemon [_thread_blocked, id=500, stack(0x0000000018820000,0x0000000018920000)]
  0x000000001731b000 JavaThread "Attach Listener" daemon [_thread_blocked, id=5248, stack(0x0000000018720000,0x0000000018820000)]
  0x000000001731a800 JavaThread "Signal Dispatcher" daemon [_thread_blocked, id=7280, stack(0x0000000018620000,0x0000000018720000)]
  0x0000000002777800 JavaThread "Finalizer" daemon [_thread_blocked, id=4056, stack(0x0000000018520000,0x0000000018620000)]
  0x000000000276e800 JavaThread "Reference Handler" daemon [_thread_blocked, id=4848, stack(0x0000000018420000,0x0000000018520000)]

Other Threads:
  0x0000000017286800 VMThread [stack: 0x0000000018320000,0x0000000018420000] [id=4804]
  0x0000000018a09000 WatcherThread [stack: 0x0000000019020000,0x0000000019120000] [id=6828]

VM state:not at safepoint (normal execution)

VM Mutex/Monitor currently owned by a thread: None

Heap:
 PSYoungGen      total 38400K, used 26208K [0x00000000d5e00000, 0x00000000d8880000, 0x0000000100000000)
  eden space 33280K, 78% used [0x00000000d5e00000,0x00000000d7798188,0x00000000d7e80000)
  from space 5120K, 0% used [0x00000000d8380000,0x00000000d8380000,0x00000000d8880000)
  to   space 5120K, 0% used [0x00000000d7e80000,0x00000000d7e80000,0x00000000d8380000)
 ParOldGen       total 87552K, used 0K [0x0000000081a00000, 0x0000000086f80000, 0x00000000d5e00000)
  object space 87552K, 0% used [0x0000000081a00000,0x0000000081a00000,0x0000000086f80000)
 Metaspace       used 9439K, capacity 9515K, committed 9728K, reserved 1058816K
  class space    used 966K, capacity 1008K, committed 1024K, reserved 1048576K

Card table byte_map: [0x0000000011b40000,0x0000000011f40000] byte_map_base: 0x0000000011733000

Marking Bits: (ParMarkBitMap*) 0x000000006064a5b0
 Begin Bits: [0x00000000125f0000, 0x0000000014588000)
 End Bits:   [0x0000000014588000, 0x0000000016520000)

Polling page: 0x00000000001f0000

CodeCache: size=245760Kb used=3965Kb max_used=3965Kb free=241794Kb
 bounds [0x0000000002780000, 0x0000000002b70000, 0x0000000011780000]
 total_blobs=1481 nmethods=969 adapters=425
 compilation: enabled

Compilation events (10 events):
Event: 7.624 Thread 0x0000000018929000 nmethod 964 0x0000000002b594d0 code [0x0000000002b599e0, 0x0000000002b5c358]
Event: 7.624 Thread 0x0000000018929000  962       3       com.badlogic.gdx.graphics.glutils.IndexBufferObject::getNumMaxIndices (8 bytes)
Event: 7.624 Thread 0x0000000018929000 nmethod 962 0x0000000002b5eb90 code [0x0000000002b5ece0, 0x0000000002b5eed0]
Event: 7.624 Thread 0x0000000018929000  963       3       com.badlogic.gdx.graphics.glutils.VertexBufferObject::getNumVertices (18 bytes)
Event: 7.624 Thread 0x0000000018929000 nmethod 963 0x0000000002b5ef90 code [0x0000000002b5f0e0, 0x0000000002b5f310]
Event: 7.624 Thread 0x0000000018929000  965       3       com.badlogic.gdx.backends.lwjgl.LwjglGL20::glBufferData (112 bytes)
Event: 7.625 Thread 0x0000000018929000 nmethod 965 0x0000000002b5f410 code [0x0000000002b5f640, 0x0000000002b60498]
Event: 7.625 Thread 0x0000000018929000  966       3       org.lwjgl.opengl.GL15::glBufferData (36 bytes)
Event: 7.626 Thread 0x0000000018929000 nmethod 966 0x0000000002b60710 code [0x0000000002b60960, 0x0000000002b615f8]
Event: 7.673 Thread 0x0000000018929000  969       3       com.badlogic.gdx.utils.Pool::obtain (25 bytes)

GC Heap History (0 events):
No events

Deoptimization events (6 events):
Event: 1.023 Thread 0x0000000018bcb800 Uncommon trap: reason=unstable_if action=reinterpret pc=0x000000000295dfa8 method=java.lang.String.<init>([CII)V @ 18
Event: 1.122 Thread 0x0000000019705800 Uncommon trap: reason=unstable_if action=reinterpret pc=0x000000000298c600 method=com.jcraft.jogg.Buffer.read(I)I @ 23
Event: 1.164 Thread 0x0000000019705800 Uncommon trap: reason=unstable_if action=reinterpret pc=0x000000000299d5f4 method=com.badlogic.gdx.backends.lwjgl.audio.OggInputStream.read()I @ 11
Event: 1.313 Thread 0x0000000019705800 Uncommon trap: reason=unreached action=reinterpret pc=0x00000000029e7464 method=com.jcraft.jorbis.Mapping0.inverse(Lcom/jcraft/jorbis/Block;Ljava/lang/Object;)I @ 849
Event: 1.379 Thread 0x0000000019705800 Uncommon trap: reason=unstable_if action=reinterpret pc=0x0000000002a09534 method=com.jcraft.jorbis.Mapping0.inverse(Lcom/jcraft/jorbis/Block;Ljava/lang/Object;)I @ 207
Event: 2.858 Thread 0x0000000018bcb800 Uncommon trap: reason=unstable_if action=reinterpret pc=0x0000000002978804 method=sun.misc.MetaIndex.mayContain(Ljava/lang/String;)Z @ 38

Internal exceptions (10 events):
Event: 0.188 Thread 0x000000000207d800 Exception <a 'java/security/PrivilegedActionException'> (0x00000000d60fae40) thrown at [C:\workspace\8-2-build-windows-amd64-cygwin\jdk8u65\4987\hotspot\src\share\vm\prims\jvm.cpp, line 1386]
Event: 0.383 Thread 0x000000000207d800 Exception <a 'java/security/PrivilegedActionException'> (0x00000000d62045c8) thrown at [C:\workspace\8-2-build-windows-amd64-cygwin\jdk8u65\4987\hotspot\src\share\vm\prims\jvm.cpp, line 1386]
Event: 0.383 Thread 0x000000000207d800 Exception <a 'java/security/PrivilegedActionException'> (0x00000000d62062a0) thrown at [C:\workspace\8-2-build-windows-amd64-cygwin\jdk8u65\4987\hotspot\src\share\vm\prims\jvm.cpp, line 1386]
Event: 0.384 Thread 0x000000000207d800 Exception <a 'java/security/PrivilegedActionException'> (0x00000000d6207410) thrown at [C:\workspace\8-2-build-windows-amd64-cygwin\jdk8u65\4987\hotspot\src\share\vm\prims\jvm.cpp, line 1386]
Event: 0.384 Thread 0x000000000207d800 Exception <a 'java/security/PrivilegedActionException'> (0x00000000d620c578) thrown at [C:\workspace\8-2-build-windows-amd64-cygwin\jdk8u65\4987\hotspot\src\share\vm\prims\jvm.cpp, line 1386]
Event: 0.384 Thread 0x000000000207d800 Exception <a 'java/security/PrivilegedActionException'> (0x00000000d620d1d0) thrown at [C:\workspace\8-2-build-windows-amd64-cygwin\jdk8u65\4987\hotspot\src\share\vm\prims\jvm.cpp, line 1386]
Event: 0.384 Thread 0x000000000207d800 Exception <a 'java/security/PrivilegedActionException'> (0x00000000d620ddf8) thrown at [C:\workspace\8-2-build-windows-amd64-cygwin\jdk8u65\4987\hotspot\src\share\vm\prims\jvm.cpp, line 1386]
Event: 0.384 Thread 0x000000000207d800 Exception <a 'java/security/PrivilegedActionException'> (0x00000000d6212d70) thrown at [C:\workspace\8-2-build-windows-amd64-cygwin\jdk8u65\4987\hotspot\src\share\vm\prims\jvm.cpp, line 1386]
Event: 0.384 Thread 0x000000000207d800 Exception <a 'java/security/PrivilegedActionException'> (0x00000000d62139c8) thrown at [C:\workspace\8-2-build-windows-amd64-cygwin\jdk8u65\4987\hotspot\src\share\vm\prims\jvm.cpp, line 1386]
Event: 0.384 Thread 0x000000000207d800 Exception <a 'java/security/PrivilegedActionException'> (0x00000000d62145f0) thrown at [C:\workspace\8-2-build-windows-amd64-cygwin\jdk8u65\4987\hotspot\src\share\vm\prims\jvm.cpp, line 1386]

Events (10 events):
Event: 2.932 loading class com/badlogic/gdx/utils/LongMap$MapIterator
Event: 2.932 loading class com/badlogic/gdx/utils/LongMap$MapIterator done
Event: 2.933 loading class com/badlogic/gdx/physics/box2d/Shape$Type
Event: 2.933 loading class com/badlogic/gdx/physics/box2d/Shape$Type done
Event: 3.437 loading class java/lang/Long$LongCache
Event: 3.437 loading class java/lang/Long$LongCache done
Event: 3.438 loading class com/badlogic/gdx/math/MathUtils$Sin
Event: 3.438 loading class com/badlogic/gdx/math/MathUtils$Sin done
Event: 4.129 Executing VM operation: EnableBiasedLocking
Event: 4.129 Executing VM operation: EnableBiasedLocking done


Dynamic libraries:
0x00007ff70ca10000 - 0x00007ff70ca47000 	C:\java\jre1.8.0_65\bin\javaw.exe
0x00007ffc26300000 - 0x00007ffc264c1000 	C:\WINDOWS\SYSTEM32\ntdll.dll
0x00007ffc23fb0000 - 0x00007ffc2405d000 	C:\WINDOWS\system32\KERNEL32.DLL
0x00007ffc22b20000 - 0x00007ffc22d08000 	C:\WINDOWS\system32\KERNELBASE.dll
0x00007ffc24270000 - 0x00007ffc24317000 	C:\WINDOWS\system32\ADVAPI32.dll
0x00007ffc25ae0000 - 0x00007ffc25b7d000 	C:\WINDOWS\system32\msvcrt.dll
0x00007ffc23c00000 - 0x00007ffc23c5b000 	C:\WINDOWS\system32\sechost.dll
0x00007ffc23ae0000 - 0x00007ffc23bfc000 	C:\WINDOWS\system32\RPCRT4.dll
0x00007ffc25c90000 - 0x00007ffc25de6000 	C:\WINDOWS\system32\USER32.dll
0x00007ffc23e20000 - 0x00007ffc23fa6000 	C:\WINDOWS\system32\GDI32.dll
0x00007ffc1a6f0000 - 0x00007ffc1a964000 	C:\WINDOWS\WinSxS\amd64_microsoft.windows.common-controls_6595b64144ccf1df_6.0.10586.0_none_8c15ae12515e1c22\COMCTL32.dll
0x00007ffc23860000 - 0x00007ffc23add000 	C:\WINDOWS\system32\combase.dll
0x00007ffc229b0000 - 0x00007ffc22a1a000 	C:\WINDOWS\system32\bcryptPrimitives.dll
0x00007ffc23c60000 - 0x00007ffc23c9b000 	C:\WINDOWS\system32\IMM32.DLL
0x000000005fc90000 - 0x000000005fd62000 	C:\java\jre1.8.0_65\bin\msvcr100.dll
0x000000005fe40000 - 0x00000000606c9000 	C:\java\jre1.8.0_65\bin\server\jvm.dll
0x00007ffc23700000 - 0x00007ffc23708000 	C:\WINDOWS\system32\PSAPI.DLL
0x00007ffc19210000 - 0x00007ffc1921a000 	C:\WINDOWS\SYSTEM32\VERSION.dll
0x00007ffc20d50000 - 0x00007ffc20d73000 	C:\WINDOWS\SYSTEM32\WINMM.dll
0x00007ffc20ef0000 - 0x00007ffc20ef9000 	C:\WINDOWS\SYSTEM32\WSOCK32.dll
0x00007ffc24320000 - 0x00007ffc2438b000 	C:\WINDOWS\system32\WS2_32.dll
0x0000000002010000 - 0x000000000203c000 	C:\WINDOWS\SYSTEM32\WINMMBASE.dll
0x00007ffc22ad0000 - 0x00007ffc22b13000 	C:\WINDOWS\system32\cfgmgr32.dll
0x000000005fe30000 - 0x000000005fe3f000 	C:\java\jre1.8.0_65\bin\verify.dll
0x000000005fe00000 - 0x000000005fe29000 	C:\java\jre1.8.0_65\bin\java.dll
0x000000005fde0000 - 0x000000005fdf6000 	C:\java\jre1.8.0_65\bin\zip.dll
0x00007ffc24390000 - 0x00007ffc258ef000 	C:\WINDOWS\system32\SHELL32.dll
0x00007ffc22fa0000 - 0x00007ffc235e4000 	C:\WINDOWS\system32\windows.storage.dll
0x00007ffc25e60000 - 0x00007ffc25eb2000 	C:\WINDOWS\system32\shlwapi.dll
0x00007ffc22920000 - 0x00007ffc2292f000 	C:\WINDOWS\system32\kernel.appcore.dll
0x00007ffc22d10000 - 0x00007ffc22dc5000 	C:\WINDOWS\system32\shcore.dll
0x00007ffc22940000 - 0x00007ffc2298b000 	C:\WINDOWS\system32\powrprof.dll
0x00007ffc22990000 - 0x00007ffc229a4000 	C:\WINDOWS\system32\profapi.dll
0x0000000065580000 - 0x000000006561b000 	C:\Users\artzok\AppData\Local\Temp\libgdxartzok\b177215b\gdx64.dll
0x00007ffc22300000 - 0x00007ffc22317000 	C:\WINDOWS\SYSTEM32\CRYPTSP.dll
0x00007ffc21f90000 - 0x00007ffc21fc4000 	C:\WINDOWS\system32\rsaenh.dll
0x00007ffc22520000 - 0x00007ffc22549000 	C:\WINDOWS\SYSTEM32\bcrypt.dll
0x00007ffc220e0000 - 0x00007ffc220ff000 	C:\WINDOWS\SYSTEM32\USERENV.dll
0x00007ffc22420000 - 0x00007ffc2242b000 	C:\WINDOWS\SYSTEM32\CRYPTBASE.dll
0x000000005fdc0000 - 0x000000005fdda000 	C:\java\jre1.8.0_65\bin\net.dll
0x00007ffc22250000 - 0x00007ffc222ac000 	C:\WINDOWS\system32\mswsock.dll
0x00007ffc1f0c0000 - 0x00007ffc1f0f8000 	C:\WINDOWS\SYSTEM32\IPHLPAPI.DLL
0x00007ffc25e50000 - 0x00007ffc25e58000 	C:\WINDOWS\system32\NSI.dll
0x00007ffc1cfd0000 - 0x00007ffc1cfe6000 	C:\WINDOWS\SYSTEM32\dhcpcsvc6.DLL
0x00007ffc1cfb0000 - 0x00007ffc1cfca000 	C:\WINDOWS\SYSTEM32\dhcpcsvc.DLL
0x000000005fda0000 - 0x000000005fdb1000 	C:\java\jre1.8.0_65\bin\nio.dll
0x0000000180000000 - 0x0000000180051000 	C:\Users\artzok\AppData\Local\Temp\libgdxartzok\15a3d019\lwjgl64.dll
0x00007ffc12a80000 - 0x00007ffc12ba9000 	C:\WINDOWS\SYSTEM32\OPENGL32.dll
0x00007ffc16b70000 - 0x00007ffc16b9e000 	C:\WINDOWS\SYSTEM32\GLU32.dll
0x00007ffc11770000 - 0x00007ffc1186a000 	C:\WINDOWS\SYSTEM32\DDRAW.dll
0x00007ffc19290000 - 0x00007ffc19298000 	C:\WINDOWS\SYSTEM32\DCIMAN32.dll
0x0000000019120000 - 0x0000000019184000 	C:\Users\artzok\AppData\Local\Temp\libgdxartzok\15a3d019\OpenAL64.dll
0x00007ffc23710000 - 0x00007ffc23853000 	C:\WINDOWS\system32\ole32.dll
0x00007ffc21280000 - 0x00007ffc21316000 	C:\WINDOWS\system32\uxtheme.dll
0x00007ffc23d70000 - 0x00007ffc23e17000 	C:\WINDOWS\system32\clbcatq.dll
0x00007ffc20690000 - 0x00007ffc20816000 	C:\WINDOWS\System32\PROPSYS.dll
0x00007ffc23ca0000 - 0x00007ffc23d61000 	C:\WINDOWS\system32\OLEAUT32.dll
0x00007ffc0faa0000 - 0x00007ffc0fb3c000 	C:\WINDOWS\SYSTEM32\dsound.dll
0x00007ffc1d780000 - 0x00007ffc1d7f0000 	C:\WINDOWS\System32\MMDevApi.dll
0x00007ffc21340000 - 0x00007ffc21367000 	C:\WINDOWS\System32\DEVOBJ.dll
0x00007ffc195c0000 - 0x00007ffc19648000 	C:\WINDOWS\SYSTEM32\AUDIOSES.DLL
0x00007ffc1cdd0000 - 0x00007ffc1cf06000 	C:\WINDOWS\SYSTEM32\wintypes.dll
0x00007ffc25980000 - 0x00007ffc25ada000 	C:\WINDOWS\system32\MSCTF.dll
0x00007ffc204e0000 - 0x00007ffc20502000 	C:\WINDOWS\system32\dwmapi.dll
0x00007ffbfa380000 - 0x00007ffbfae73000 	C:\WINDOWS\SYSTEM32\ig75icd64.dll
0x00007ffc19ce0000 - 0x00007ffc1a6e2000 	C:\WINDOWS\SYSTEM32\igdusc64.dll
0x00007ffc20b80000 - 0x00007ffc20b93000 	C:\WINDOWS\SYSTEM32\WTSAPI32.dll
0x00007ffc06ae0000 - 0x00007ffc06b71000 	C:\WINDOWS\SYSTEM32\mscms.dll
0x00007ffc068d0000 - 0x00007ffc06912000 	C:\WINDOWS\SYSTEM32\icm32.dll
0x0000000066bc0000 - 0x0000000066c7b000 	C:\Users\artzok\AppData\Local\Temp\libgdxartzok\64553375\gdx-box2d64.dll
0x00007ffbfc610000 - 0x00007ffbfc79c000 	C:\WINDOWS\SYSTEM32\dbghelp.dll

VM Arguments:
jvm_args: -Dfile.encoding=GBK 
java_command: com.art.zok.flappybird.Main
java_class_path (initial): E:\Program_Development\android\workspace\libgdx\flappybird\FlappyBird-desktop\bin;E:\Program_Development\android\workspace\libgdx\flappybird\FlappyBird\bin;E:\Program_Development\android\workspace\libgdx\flappybird\FlappyBird\libs\gdx.jar;E:\Program_Development\android\workspace\libgdx\flappybird\FlappyBird\libs\gdx-box2d.jar;E:\Program_Development\android\workspace\libgdx\flappybird\FlappyBird-desktop\libs\gdx-backend-lwjgl.jar;E:\Program_Development\android\workspace\libgdx\flappybird\FlappyBird-desktop\libs\gdx-backend-lwjgl-natives.jar;E:\Program_Development\android\workspace\libgdx\flappybird\FlappyBird-desktop\libs\gdx-natives.jar;E:\Program_Development\android\workspace\libgdx\flappybird\FlappyBird-desktop\libs\gdx-tools.jar;E:\Program_Development\android\workspace\libgdx\flappybird\FlappyBird-desktop\libs\gdx-box2d-natives.jar
Launcher Type: SUN_STANDARD

Environment Variables:
JAVA_HOME=C:\java\jdk1.8.0_65\
PATH=C:/java/jre1.8.0_65/bin/server;C:/java/jre1.8.0_65/bin;C:/java/jre1.8.0_65/lib/amd64;C:\Program Files (x86)\NVIDIA Corporation\PhysX\Common;C:\ProgramData\Oracle\Java\javapath;%C_EM64T_REDIST11%bin\Intel64;C:\WINDOWS\system32;C:\WINDOWS;C:\WINDOWS\System32\Wbem;C:\WINDOWS\System32\WindowsPowerShell\v1.0\;C:\Program Files (x86)\MacType;C:\WINDOWS\system32\config\systemprofile\.dnx\bin;C:\Program Files\Microsoft DNX\Dnvm\;C:\Program Files\Microsoft SQL Server\120\Tools\Binn\;C:\Program Files (x86)\Windows Kits\8.1\Windows Performance Toolkit\;C:\Gradle\gradle-1.11\\bin;C:\Program Files\Common Files\Autodesk Shared\;C:\Program Files (x86)\Autodesk\Backburner\;C:\java\jre1.8.0_65\bin\;E:\Program_Development\android\adt-bundle-windows-x86_64-20140702\eclipse;
USERNAME=artzok
OS=Windows_NT
PROCESSOR_IDENTIFIER=Intel64 Family 6 Model 69 Stepping 1, GenuineIntel



---------------  S Y S T E M  ---------------

OS: Windows 10.0 , 64 bit Build 10586 (10.0.10586.0)

CPU:total 4 (2 cores per cpu, 2 threads per core) family 6 model 69 stepping 1, cmov, cx8, fxsr, mmx, sse, sse2, sse3, ssse3, sse4.1, sse4.2, popcnt, avx, avx2, aes, clmul, erms, lzcnt, ht, tsc, tscinvbit, bmi1, bmi2

Memory: 4k page, physical 8274284k(5596376k free), swap 9585004k(6219808k free)

vm_info: Java HotSpot(TM) 64-Bit Server VM (25.65-b01) for windows-amd64 JRE (1.8.0_65-b17), built on Oct  6 2015 16:39:20 by "java_re" with MS VC++ 10.0 (VS2010)

time: Tue Jan 19 01:10:21 2016
elapsed time: 7 seconds (0d 0h 0m 7s)

