#
# A fatal error has been detected by the Java Runtime Environment:
#
#  EXCEPTION_ACCESS_VIOLATION (0xc0000005) at pc=0x0000000066be2467, pid=7712, tid=4032
#
# JRE version: Java(TM) SE Runtime Environment (8.0_65-b17) (build 1.8.0_65-b17)
# Java VM: Java HotSpot(TM) 64-Bit Server VM (25.65-b01 mixed mode windows-amd64 compressed oops)
# Problematic frame:
# C  [gdx-box2d64.dll+0x22467]
#
# Failed to write core dump. Minidumps are not enabled by default on client versions of Windows
#
# If you would like to submit a bug report, please visit:
#   http://bugreport.java.com/bugreport/crash.jsp
# The crash happened outside the Java Virtual Machine in native code.
# See problematic frame for where to report the bug.
#

---------------  T H R E A D  ---------------

Current thread (0x0000000018b85000):  JavaThread "LWJGL Application" [_thread_in_native, id=4032, stack(0x0000000019ed0000,0x0000000019fd0000)]

siginfo: ExceptionCode=0xc0000005, reading address 0x00000000196474e8

Registers:
RAX=0x0000000000000001, RBX=0x0000000000000001, RCX=0x000000001962e250, RDX=0x0000000019fce650
RSP=0x0000000019fce5f0, RBP=0x0000000019fce790, RSI=0x0000000000000088, RDI=0x0000000000051168
R8 =0x000000001962e250, R9 =0x0000000000000001, R10=0x0000000000000000, R11=0x0000000000000001
R12=0x0000000000000000, R13=0x000000001703f780, R14=0x0000000019fce838, R15=0x0000000018b85000
RIP=0x0000000066be2467, EFLAGS=0x0000000000010206

Top of Stack: (sp=0x0000000019fce5f0)
0x0000000019fce5f0:   0000000019fce690 0000000019fce690
0x0000000019fce600:   0000000000000003 000000001703f780
0x0000000019fce610:   0000000000000001 0000000000000088
0x0000000019fce620:   0000000000051168 0000000066be8626
0x0000000019fce630:   0000000000000000 0000000000051168
0x0000000019fce640:   0000000019fce790 00000000026c5798
0x0000000019fce650:   41e1249200000001 00000000c16bae14
0x0000000019fce660:   0000000000000000 0000000000000000
0x0000000019fce670:   0000010100000000 0000000019fce801
0x0000000019fce680:   0000000000000000 000000003f800000
0x0000000019fce690:   000000001703f780 00000000026d5e34
0x0000000019fce6a0:   0000000019fce810 0000000000000049
0x0000000019fce6b0:   000052086b964bc0 0000000018b85000
0x0000000019fce6c0:   0000000041e12492 ffffffffc16bae14
0x0000000019fce6d0:   0000000000000000 0000000000000000
0x0000000019fce6e0:   0000000000000000 0000000000000000 

Instructions: (pc=0x0000000066be2467)
0x0000000066be2447:   c3 0f 1f 84 00 00 00 00 00 48 89 91 50 93 01 00
0x0000000066be2457:   c3 0f 1f 84 00 00 00 00 00 57 56 53 48 83 ec 20
0x0000000066be2467:   f6 81 98 92 01 00 02 48 89 cb 48 89 d7 75 5a ba
0x0000000066be2477:   b8 00 00 00 48 89 d9 e8 3d 98 fe ff 48 85 c0 48 


Register to memory mapping:

RAX=0x0000000000000001 is an unknown value
RBX=0x0000000000000001 is an unknown value
RCX=0x000000001962e250 is an unknown value
RDX=0x0000000019fce650 is pointing into the stack for thread: 0x0000000018b85000
RSP=0x0000000019fce5f0 is pointing into the stack for thread: 0x0000000018b85000
RBP=0x0000000019fce790 is pointing into the stack for thread: 0x0000000018b85000
RSI=0x0000000000000088 is an unknown value
RDI=0x0000000000051168 is an unknown value
R8 =0x000000001962e250 is an unknown value
R9 =0x0000000000000001 is an unknown value
R10=0x0000000000000000 is an unknown value
R11=0x0000000000000001 is an unknown value
R12=0x0000000000000000 is an unknown value
R13={method} {0x000000001703f788} 'jniCreateBody' '(JIFFFFFFFFZZZZZF)J' in 'com/badlogic/gdx/physics/box2d/World'
R14=0x0000000019fce838 is pointing into the stack for thread: 0x0000000018b85000
R15=0x0000000018b85000 is a thread


Stack: [0x0000000019ed0000,0x0000000019fd0000],  sp=0x0000000019fce5f0,  free space=1017k
Native frames: (J=compiled Java code, j=interpreted, Vv=VM code, C=native code)
C  [gdx-box2d64.dll+0x22467]
C  [gdx-box2d64.dll+0x28626]
C  0x00000000026d5e34

Java frames: (J=compiled Java code, j=interpreted, Vv=VM code)
j  com.badlogic.gdx.physics.box2d.World.jniCreateBody(JIFFFFFFFFZZZZZF)J+0
j  com.badlogic.gdx.physics.box2d.World.createBody(Lcom/badlogic/gdx/physics/box2d/BodyDef;)Lcom/badlogic/gdx/physics/box2d/Body;+80
j  com.art.zok.flappybird.game.object.Pipe.createBody(Lcom/badlogic/gdx/physics/box2d/World;)V+52
j  com.art.zok.flappybird.game.WorldController.addPipe()V+86
j  com.art.zok.flappybird.game.WorldController.initPipe()V+12
j  com.art.zok.flappybird.game.WorldController.init()V+67
j  com.art.zok.flappybird.game.WorldController.reStart()V+1
j  com.art.zok.flappybird.game.UI.GameDialog$2.touchUp(Lcom/badlogic/gdx/scenes/scene2d/InputEvent;FFII)V+7
j  com.badlogic.gdx.scenes.scene2d.InputListener.handle(Lcom/badlogic/gdx/scenes/scene2d/Event;)Z+196
j  com.badlogic.gdx.scenes.scene2d.Stage.touchUp(IIII)Z+213
j  com.badlogic.gdx.InputMultiplexer.touchUp(IIII)Z+36
j  com.badlogic.gdx.backends.lwjgl.LwjglInput.processEvents()V+283
j  com.badlogic.gdx.backends.lwjgl.LwjglApplication.mainLoop()V+534
j  com.badlogic.gdx.backends.lwjgl.LwjglApplication$1.run()V+27
v  ~StubRoutines::call_stub

---------------  P R O C E S S  ---------------

Java Threads: ( => current thread )
  0x0000000019959800 JavaThread "LWJGL Timer" daemon [_thread_blocked, id=2828, stack(0x000000005f890000,0x000000005f990000)]
  0x0000000019933000 JavaThread "AsynchExecutor-Thread" daemon [_thread_blocked, id=5880, stack(0x000000005f380000,0x000000005f480000)]
  0x00000000001dd800 JavaThread "DestroyJavaVM" [_thread_blocked, id=7648, stack(0x00000000024c0000,0x00000000025c0000)]
=>0x0000000018b85000 JavaThread "LWJGL Application" [_thread_in_native, id=4032, stack(0x0000000019ed0000,0x0000000019fd0000)]
  0x00000000188e0800 JavaThread "Service Thread" daemon [_thread_blocked, id=6108, stack(0x0000000018e60000,0x0000000018f60000)]
  0x0000000018867000 JavaThread "C1 CompilerThread2" daemon [_thread_blocked, id=5252, stack(0x0000000018d60000,0x0000000018e60000)]
  0x0000000018860800 JavaThread "C2 CompilerThread1" daemon [_thread_blocked, id=8640, stack(0x0000000018c60000,0x0000000018d60000)]
  0x000000001725d000 JavaThread "C2 CompilerThread0" daemon [_thread_blocked, id=6484, stack(0x0000000018760000,0x0000000018860000)]
  0x000000001725c000 JavaThread "Attach Listener" daemon [_thread_blocked, id=10044, stack(0x0000000018660000,0x0000000018760000)]
  0x000000001725b800 JavaThread "Signal Dispatcher" daemon [_thread_blocked, id=1840, stack(0x0000000018560000,0x0000000018660000)]
  0x00000000026b6800 JavaThread "Finalizer" daemon [_thread_blocked, id=3404, stack(0x0000000018460000,0x0000000018560000)]
  0x00000000026ae800 JavaThread "Reference Handler" daemon [_thread_blocked, id=4212, stack(0x0000000018360000,0x0000000018460000)]

Other Threads:
  0x00000000171c6800 VMThread [stack: 0x0000000018260000,0x0000000018360000] [id=7516]
  0x000000001893f800 WatcherThread [stack: 0x0000000018f60000,0x0000000019060000] [id=6676]

VM state:not at safepoint (normal execution)

VM Mutex/Monitor currently owned by a thread: None

Heap:
 PSYoungGen      total 38400K, used 26215K [0x00000000d5e00000, 0x00000000d8880000, 0x0000000100000000)
  eden space 33280K, 78% used [0x00000000d5e00000,0x00000000d7799e78,0x00000000d7e80000)
  from space 5120K, 0% used [0x00000000d8380000,0x00000000d8380000,0x00000000d8880000)
  to   space 5120K, 0% used [0x00000000d7e80000,0x00000000d7e80000,0x00000000d8380000)
 ParOldGen       total 87552K, used 0K [0x0000000081a00000, 0x0000000086f80000, 0x00000000d5e00000)
  object space 87552K, 0% used [0x0000000081a00000,0x0000000081a00000,0x0000000086f80000)
 Metaspace       used 9453K, capacity 9563K, committed 9728K, reserved 1058816K
  class space    used 967K, capacity 1008K, committed 1024K, reserved 1048576K

Card table byte_map: [0x0000000011a80000,0x0000000011e80000] byte_map_base: 0x0000000011673000

Marking Bits: (ParMarkBitMap*) 0x000000006064a5b0
 Begin Bits: [0x0000000012530000, 0x00000000144c8000)
 End Bits:   [0x00000000144c8000, 0x0000000016460000)

Polling page: 0x0000000000900000

CodeCache: size=245760Kb used=3814Kb max_used=3819Kb free=241945Kb
 bounds [0x00000000026c0000, 0x0000000002a80000, 0x00000000116c0000]
 total_blobs=1453 nmethods=941 adapters=425
 compilation: enabled

Compilation events (10 events):
Event: 6.427 Thread 0x0000000018860800  937       4       java.util.ArrayList::get (11 bytes)
Event: 6.427 Thread 0x0000000018860800 nmethod 937 0x0000000002a71f50 code [0x0000000002a72080, 0x0000000002a72138]
Event: 6.443 Thread 0x0000000018867000  939       3       com.badlogic.gdx.utils.Pools::get (38 bytes)
Event: 6.444 Thread 0x0000000018867000 nmethod 939 0x0000000002a7d3d0 code [0x0000000002a7d580, 0x0000000002a7da78]
Event: 6.444 Thread 0x0000000018867000  938       3       com.badlogic.gdx.utils.Pools::obtain (8 bytes)
Event: 6.444 Thread 0x0000000018867000 nmethod 938 0x0000000002a7ccd0 code [0x0000000002a7ce60, 0x0000000002a7d268]
Event: 6.476 Thread 0x0000000018867000  940       3       com.badlogic.gdx.utils.Pools::free (39 bytes)
Event: 6.477 Thread 0x0000000018867000 nmethod 940 0x0000000002a7c490 code [0x0000000002a7c640, 0x0000000002a7cb48]
Event: 6.526 Thread 0x0000000018867000  941       1       com.badlogic.gdx.scenes.scene2d.InputEvent::getType (5 bytes)
Event: 6.527 Thread 0x0000000018867000 nmethod 941 0x0000000002a7c1d0 code [0x0000000002a7c320, 0x0000000002a7c430]

GC Heap History (0 events):
No events

Deoptimization events (6 events):
Event: 0.921 Thread 0x0000000018b85000 Uncommon trap: reason=unstable_if action=reinterpret pc=0x00000000028a0b28 method=java.lang.String.<init>([CII)V @ 18
Event: 1.023 Thread 0x0000000019933000 Uncommon trap: reason=unstable_if action=reinterpret pc=0x00000000028cfd80 method=com.jcraft.jogg.Buffer.read(I)I @ 23
Event: 1.063 Thread 0x0000000019933000 Uncommon trap: reason=unstable_if action=reinterpret pc=0x00000000028e32b4 method=com.badlogic.gdx.backends.lwjgl.audio.OggInputStream.read()I @ 11
Event: 1.100 Thread 0x0000000019933000 Uncommon trap: reason=unstable_if action=reinterpret pc=0x00000000028e0ecc method=com.badlogic.gdx.backends.lwjgl.audio.OggInputStream.read()I @ 42
Event: 1.184 Thread 0x0000000019933000 Uncommon trap: reason=unreached action=reinterpret pc=0x0000000002931324 method=com.jcraft.jorbis.Mapping0.inverse(Lcom/jcraft/jorbis/Block;Ljava/lang/Object;)I @ 849
Event: 2.097 Thread 0x0000000018b85000 Uncommon trap: reason=unstable_if action=reinterpret pc=0x00000000028bbf44 method=sun.misc.MetaIndex.mayContain(Ljava/lang/String;)Z @ 38

Internal exceptions (10 events):
Event: 0.164 Thread 0x00000000001dd800 Exception <a 'java/security/PrivilegedActionException'> (0x00000000d60fae40) thrown at [C:\workspace\8-2-build-windows-amd64-cygwin\jdk8u65\4987\hotspot\src\share\vm\prims\jvm.cpp, line 1386]
Event: 0.390 Thread 0x00000000001dd800 Exception <a 'java/security/PrivilegedActionException'> (0x00000000d62041d8) thrown at [C:\workspace\8-2-build-windows-amd64-cygwin\jdk8u65\4987\hotspot\src\share\vm\prims\jvm.cpp, line 1386]
Event: 0.390 Thread 0x00000000001dd800 Exception <a 'java/security/PrivilegedActionException'> (0x00000000d6205eb0) thrown at [C:\workspace\8-2-build-windows-amd64-cygwin\jdk8u65\4987\hotspot\src\share\vm\prims\jvm.cpp, line 1386]
Event: 0.391 Thread 0x00000000001dd800 Exception <a 'java/security/PrivilegedActionException'> (0x00000000d6207020) thrown at [C:\workspace\8-2-build-windows-amd64-cygwin\jdk8u65\4987\hotspot\src\share\vm\prims\jvm.cpp, line 1386]
Event: 0.391 Thread 0x00000000001dd800 Exception <a 'java/security/PrivilegedActionException'> (0x00000000d620c188) thrown at [C:\workspace\8-2-build-windows-amd64-cygwin\jdk8u65\4987\hotspot\src\share\vm\prims\jvm.cpp, line 1386]
Event: 0.391 Thread 0x00000000001dd800 Exception <a 'java/security/PrivilegedActionException'> (0x00000000d620cde0) thrown at [C:\workspace\8-2-build-windows-amd64-cygwin\jdk8u65\4987\hotspot\src\share\vm\prims\jvm.cpp, line 1386]
Event: 0.391 Thread 0x00000000001dd800 Exception <a 'java/security/PrivilegedActionException'> (0x00000000d620da08) thrown at [C:\workspace\8-2-build-windows-amd64-cygwin\jdk8u65\4987\hotspot\src\share\vm\prims\jvm.cpp, line 1386]
Event: 0.392 Thread 0x00000000001dd800 Exception <a 'java/security/PrivilegedActionException'> (0x00000000d6212980) thrown at [C:\workspace\8-2-build-windows-amd64-cygwin\jdk8u65\4987\hotspot\src\share\vm\prims\jvm.cpp, line 1386]
Event: 0.392 Thread 0x00000000001dd800 Exception <a 'java/security/PrivilegedActionException'> (0x00000000d62135d8) thrown at [C:\workspace\8-2-build-windows-amd64-cygwin\jdk8u65\4987\hotspot\src\share\vm\prims\jvm.cpp, line 1386]
Event: 0.392 Thread 0x00000000001dd800 Exception <a 'java/security/PrivilegedActionException'> (0x00000000d6214200) thrown at [C:\workspace\8-2-build-windows-amd64-cygwin\jdk8u65\4987\hotspot\src\share\vm\prims\jvm.cpp, line 1386]

Events (10 events):
Event: 3.427 loading class com/badlogic/gdx/backends/lwjgl/LwjglInput$KeyEvent
Event: 3.427 loading class com/badlogic/gdx/backends/lwjgl/LwjglInput$KeyEvent done
Event: 4.125 Executing VM operation: EnableBiasedLocking
Event: 4.125 Executing VM operation: EnableBiasedLocking done
Event: 4.243 loading class java/lang/Long$LongCache
Event: 4.243 loading class java/lang/Long$LongCache done
Event: 4.244 loading class com/badlogic/gdx/math/MathUtils$Sin
Event: 4.244 loading class com/badlogic/gdx/math/MathUtils$Sin done
Event: 5.793 Thread 0x0000000018b85000 DEOPT PACKING pc=0x00000000029ed575 sp=0x0000000019fce9d0
Event: 5.793 Thread 0x0000000018b85000 DEOPT UNPACKING pc=0x000000000270787f sp=0x0000000019fce6c8 mode 0


Dynamic libraries:
0x00007ff70ca10000 - 0x00007ff70ca47000 	C:\java\jre1.8.0_65\bin\javaw.exe
0x00007ffc26300000 - 0x00007ffc264c1000 	C:\WINDOWS\SYSTEM32\ntdll.dll
0x00007ffc23fb0000 - 0x00007ffc2405d000 	C:\WINDOWS\system32\KERNEL32.DLL
0x00007ffc22b20000 - 0x00007ffc22d08000 	C:\WINDOWS\system32\KERNELBASE.dll
0x00007ffc24270000 - 0x00007ffc24317000 	C:\WINDOWS\system32\ADVAPI32.dll
0x00007ffc25ae0000 - 0x00007ffc25b7d000 	C:\WINDOWS\system32\msvcrt.dll
0x00007ffc23c00000 - 0x00007ffc23c5b000 	C:\WINDOWS\system32\sechost.dll
0x00007ffc23ae0000 - 0x00007ffc23bfc000 	C:\WINDOWS\system32\RPCRT4.dll
0x00007ffc25c90000 - 0x00007ffc25de6000 	C:\WINDOWS\system32\USER32.dll
0x00007ffc23e20000 - 0x00007ffc23fa6000 	C:\WINDOWS\system32\GDI32.dll
0x00007ffc1a6f0000 - 0x00007ffc1a964000 	C:\WINDOWS\WinSxS\amd64_microsoft.windows.common-controls_6595b64144ccf1df_6.0.10586.0_none_8c15ae12515e1c22\COMCTL32.dll
0x00007ffc23860000 - 0x00007ffc23add000 	C:\WINDOWS\system32\combase.dll
0x00007ffc229b0000 - 0x00007ffc22a1a000 	C:\WINDOWS\system32\bcryptPrimitives.dll
0x00007ffc23c60000 - 0x00007ffc23c9b000 	C:\WINDOWS\system32\IMM32.DLL
0x000000005fc90000 - 0x000000005fd62000 	C:\java\jre1.8.0_65\bin\msvcr100.dll
0x000000005fe40000 - 0x00000000606c9000 	C:\java\jre1.8.0_65\bin\server\jvm.dll
0x00007ffc23700000 - 0x00007ffc23708000 	C:\WINDOWS\system32\PSAPI.DLL
0x00007ffc20d50000 - 0x00007ffc20d73000 	C:\WINDOWS\SYSTEM32\WINMM.dll
0x00007ffc19210000 - 0x00007ffc1921a000 	C:\WINDOWS\SYSTEM32\VERSION.dll
0x00007ffc20ef0000 - 0x00007ffc20ef9000 	C:\WINDOWS\SYSTEM32\WSOCK32.dll
0x00007ffc24320000 - 0x00007ffc2438b000 	C:\WINDOWS\system32\WS2_32.dll
0x0000000000930000 - 0x000000000095c000 	C:\WINDOWS\SYSTEM32\WINMMBASE.dll
0x00007ffc22ad0000 - 0x00007ffc22b13000 	C:\WINDOWS\system32\cfgmgr32.dll
0x000000005fe30000 - 0x000000005fe3f000 	C:\java\jre1.8.0_65\bin\verify.dll
0x000000005fe00000 - 0x000000005fe29000 	C:\java\jre1.8.0_65\bin\java.dll
0x000000005fde0000 - 0x000000005fdf6000 	C:\java\jre1.8.0_65\bin\zip.dll
0x00007ffc24390000 - 0x00007ffc258ef000 	C:\WINDOWS\system32\SHELL32.dll
0x00007ffc22fa0000 - 0x00007ffc235e4000 	C:\WINDOWS\system32\windows.storage.dll
0x00007ffc25e60000 - 0x00007ffc25eb2000 	C:\WINDOWS\system32\shlwapi.dll
0x00007ffc22920000 - 0x00007ffc2292f000 	C:\WINDOWS\system32\kernel.appcore.dll
0x00007ffc22d10000 - 0x00007ffc22dc5000 	C:\WINDOWS\system32\shcore.dll
0x00007ffc22940000 - 0x00007ffc2298b000 	C:\WINDOWS\system32\powrprof.dll
0x00007ffc22990000 - 0x00007ffc229a4000 	C:\WINDOWS\system32\profapi.dll
0x0000000065580000 - 0x000000006561b000 	C:\Users\artzok\AppData\Local\Temp\libgdxartzok\b177215b\gdx64.dll
0x00007ffc22300000 - 0x00007ffc22317000 	C:\WINDOWS\SYSTEM32\CRYPTSP.dll
0x00007ffc21f90000 - 0x00007ffc21fc4000 	C:\WINDOWS\system32\rsaenh.dll
0x00007ffc22520000 - 0x00007ffc22549000 	C:\WINDOWS\SYSTEM32\bcrypt.dll
0x00007ffc220e0000 - 0x00007ffc220ff000 	C:\WINDOWS\SYSTEM32\USERENV.dll
0x00007ffc22420000 - 0x00007ffc2242b000 	C:\WINDOWS\SYSTEM32\CRYPTBASE.dll
0x000000005fdc0000 - 0x000000005fdda000 	C:\java\jre1.8.0_65\bin\net.dll
0x00007ffc22250000 - 0x00007ffc222ac000 	C:\WINDOWS\system32\mswsock.dll
0x00007ffc1f0c0000 - 0x00007ffc1f0f8000 	C:\WINDOWS\SYSTEM32\IPHLPAPI.DLL
0x00007ffc25e50000 - 0x00007ffc25e58000 	C:\WINDOWS\system32\NSI.dll
0x00007ffc1cfd0000 - 0x00007ffc1cfe6000 	C:\WINDOWS\SYSTEM32\dhcpcsvc6.DLL
0x00007ffc1cfb0000 - 0x00007ffc1cfca000 	C:\WINDOWS\SYSTEM32\dhcpcsvc.DLL
0x000000005fda0000 - 0x000000005fdb1000 	C:\java\jre1.8.0_65\bin\nio.dll
0x0000000180000000 - 0x0000000180051000 	C:\Users\artzok\AppData\Local\Temp\libgdxartzok\15a3d019\lwjgl64.dll
0x00007ffc12a80000 - 0x00007ffc12ba9000 	C:\WINDOWS\SYSTEM32\OPENGL32.dll
0x00007ffc11770000 - 0x00007ffc1186a000 	C:\WINDOWS\SYSTEM32\DDRAW.dll
0x00007ffc16b70000 - 0x00007ffc16b9e000 	C:\WINDOWS\SYSTEM32\GLU32.dll
0x00007ffc19290000 - 0x00007ffc19298000 	C:\WINDOWS\SYSTEM32\DCIMAN32.dll
0x0000000019080000 - 0x00000000190e4000 	C:\Users\artzok\AppData\Local\Temp\libgdxartzok\15a3d019\OpenAL64.dll
0x00007ffc23710000 - 0x00007ffc23853000 	C:\WINDOWS\system32\ole32.dll
0x00007ffc21280000 - 0x00007ffc21316000 	C:\WINDOWS\system32\uxtheme.dll
0x00007ffc23d70000 - 0x00007ffc23e17000 	C:\WINDOWS\system32\clbcatq.dll
0x00007ffc20690000 - 0x00007ffc20816000 	C:\WINDOWS\System32\PROPSYS.dll
0x00007ffc23ca0000 - 0x00007ffc23d61000 	C:\WINDOWS\system32\OLEAUT32.dll
0x00007ffc0faa0000 - 0x00007ffc0fb3c000 	C:\WINDOWS\SYSTEM32\dsound.dll
0x00007ffc1d780000 - 0x00007ffc1d7f0000 	C:\WINDOWS\System32\MMDevApi.dll
0x00007ffc21340000 - 0x00007ffc21367000 	C:\WINDOWS\System32\DEVOBJ.dll
0x00007ffc195c0000 - 0x00007ffc19648000 	C:\WINDOWS\SYSTEM32\AUDIOSES.DLL
0x00007ffc1cdd0000 - 0x00007ffc1cf06000 	C:\WINDOWS\SYSTEM32\wintypes.dll
0x00007ffc25980000 - 0x00007ffc25ada000 	C:\WINDOWS\system32\MSCTF.dll
0x00007ffc204e0000 - 0x00007ffc20502000 	C:\WINDOWS\system32\dwmapi.dll
0x00007ffbfa380000 - 0x00007ffbfae73000 	C:\WINDOWS\SYSTEM32\ig75icd64.dll
0x00007ffc19ce0000 - 0x00007ffc1a6e2000 	C:\WINDOWS\SYSTEM32\igdusc64.dll
0x00007ffc20b80000 - 0x00007ffc20b93000 	C:\WINDOWS\SYSTEM32\WTSAPI32.dll
0x00007ffc05690000 - 0x00007ffc05721000 	C:\WINDOWS\SYSTEM32\mscms.dll
0x00007ffc08480000 - 0x00007ffc084c2000 	C:\WINDOWS\SYSTEM32\icm32.dll
0x0000000066bc0000 - 0x0000000066c7b000 	C:\Users\artzok\AppData\Local\Temp\libgdxartzok\64553375\gdx-box2d64.dll
0x00007ffbfc610000 - 0x00007ffbfc79c000 	C:\WINDOWS\SYSTEM32\dbghelp.dll

VM Arguments:
jvm_args: -Dfile.encoding=GBK 
java_command: com.art.zok.flappybird.Main
java_class_path (initial): E:\Program_Development\android\workspace\libgdx\flappybird\FlappyBird-desktop\bin;E:\Program_Development\android\workspace\libgdx\flappybird\FlappyBird\bin;E:\Program_Development\android\workspace\libgdx\flappybird\FlappyBird\libs\gdx.jar;E:\Program_Development\android\workspace\libgdx\flappybird\FlappyBird\libs\gdx-box2d.jar;E:\Program_Development\android\workspace\libgdx\flappybird\FlappyBird-desktop\libs\gdx-backend-lwjgl.jar;E:\Program_Development\android\workspace\libgdx\flappybird\FlappyBird-desktop\libs\gdx-backend-lwjgl-natives.jar;E:\Program_Development\android\workspace\libgdx\flappybird\FlappyBird-desktop\libs\gdx-natives.jar;E:\Program_Development\android\workspace\libgdx\flappybird\FlappyBird-desktop\libs\gdx-tools.jar;E:\Program_Development\android\workspace\libgdx\flappybird\FlappyBird-desktop\libs\gdx-box2d-natives.jar
Launcher Type: SUN_STANDARD

Environment Variables:
JAVA_HOME=C:\java\jdk1.8.0_65\
PATH=C:/java/jre1.8.0_65/bin/server;C:/java/jre1.8.0_65/bin;C:/java/jre1.8.0_65/lib/amd64;C:\Program Files (x86)\NVIDIA Corporation\PhysX\Common;C:\ProgramData\Oracle\Java\javapath;%C_EM64T_REDIST11%bin\Intel64;C:\WINDOWS\system32;C:\WINDOWS;C:\WINDOWS\System32\Wbem;C:\WINDOWS\System32\WindowsPowerShell\v1.0\;C:\Program Files (x86)\MacType;C:\WINDOWS\system32\config\systemprofile\.dnx\bin;C:\Program Files\Microsoft DNX\Dnvm\;C:\Program Files\Microsoft SQL Server\120\Tools\Binn\;C:\Program Files (x86)\Windows Kits\8.1\Windows Performance Toolkit\;C:\Gradle\gradle-1.11\\bin;C:\Program Files\Common Files\Autodesk Shared\;C:\Program Files (x86)\Autodesk\Backburner\;C:\java\jre1.8.0_65\bin\;E:\Program_Development\android\adt-bundle-windows-x86_64-20140702\eclipse;
USERNAME=artzok
OS=Windows_NT
PROCESSOR_IDENTIFIER=Intel64 Family 6 Model 69 Stepping 1, GenuineIntel



---------------  S Y S T E M  ---------------

OS: Windows 10.0 , 64 bit Build 10586 (10.0.10586.0)

CPU:total 4 (2 cores per cpu, 2 threads per core) family 6 model 69 stepping 1, cmov, cx8, fxsr, mmx, sse, sse2, sse3, ssse3, sse4.1, sse4.2, popcnt, avx, avx2, aes, clmul, erms, lzcnt, ht, tsc, tscinvbit, bmi1, bmi2

Memory: 4k page, physical 8274284k(5557800k free), swap 9585004k(6187612k free)

vm_info: Java HotSpot(TM) 64-Bit Server VM (25.65-b01) for windows-amd64 JRE (1.8.0_65-b17), built on Oct  6 2015 16:39:20 by "java_re" with MS VC++ 10.0 (VS2010)

time: Tue Jan 19 01:07:40 2016
elapsed time: 6 seconds (0d 0h 0m 6s)

